# JRE version: OpenJDK Runtime Environment (8.0_242-b01) (build 1.8.0_242-release-1644-b01)
# Java VM: OpenJDK 64-Bit Server VM (25.242-b01 mixed mode windows-amd64 compressed oops)
Heap:
 PSYoungGen      total 610304K, used 218621K [0x00000000d5580000, 0x0000000100000000, 0x0000000100000000)
  eden space 556032K, 33% used [0x00000000d5580000,0x00000000e0ca3eb8,0x00000000f7480000)
  from space 54272K, 57% used [0x00000000f7480000,0x00000000f92db5a8,0x00000000fa980000)
  to   space 53760K, 0% used [0x00000000fcb80000,0x00000000fcb80000,0x0000000100000000)
 ParOldGen       total 305664K, used 117918K [0x0000000080000000, 0x0000000092a80000, 0x00000000d5580000)
  object space 305664K, 38% used [0x0000000080000000,0x0000000087327a88,0x0000000092a80000)
 Metaspace       used 113773K, capacity 121071K, committed 121292K, reserved 1155072K
  class space    used 14876K, capacity 16285K, committed 16384K, reserved 1048576K
GC Heap History (10 events):
Event: 846.702 GC heap before
{Heap before GC invocations=15 (full 4):
 PSYoungGen      total 445952K, used 30055K [0x00000000d5580000, 0x00000000f8200000, 0x0000000100000000)
  eden space 409088K, 0% used [0x00000000d5580000,0x00000000d5580000,0x00000000ee500000)
  from space 36864K, 81% used [0x00000000ee500000,0x00000000f0259f30,0x00000000f0900000)
  to   space 39936K, 0% used [0x00000000f5b00000,0x00000000f5b00000,0x00000000f8200000)
 ParOldGen       total 196096K, used 77927K [0x0000000080000000, 0x000000008bf80000, 0x00000000d5580000)
  object space 196096K, 39% used [0x0000000080000000,0x0000000084c19df0,0x000000008bf80000)
 Metaspace       used 92916K, capacity 98237K, committed 98380K, reserved 1134592K
  class space    used 12391K, capacity 13440K, committed 13440K, reserved 1048576K
Event: 846.878 GC heap after
Heap after GC invocations=15 (full 4):
 PSYoungGen      total 445952K, used 0K [0x00000000d5580000, 0x00000000f8200000, 0x0000000100000000)
  eden space 409088K, 0% used [0x00000000d5580000,0x00000000d5580000,0x00000000ee500000)
  from space 36864K, 0% used [0x00000000ee500000,0x00000000ee500000,0x00000000f0900000)
  to   space 39936K, 0% used [0x00000000f5b00000,0x00000000f5b00000,0x00000000f8200000)
 ParOldGen       total 305664K, used 81649K [0x0000000080000000, 0x0000000092a80000, 0x00000000d5580000)
  object space 305664K, 26% used [0x0000000080000000,0x0000000084fbc698,0x0000000092a80000)
 Metaspace       used 92438K, capacity 96783K, committed 98380K, reserved 1134592K
  class space    used 12236K, capacity 13165K, committed 13440K, reserved 1048576K
}
Event: 849.365 GC heap before
{Heap before GC invocations=16 (full 4):
 PSYoungGen      total 445952K, used 409088K [0x00000000d5580000, 0x00000000f8200000, 0x0000000100000000)
  eden space 409088K, 100% used [0x00000000d5580000,0x00000000ee500000,0x00000000ee500000)
  from space 36864K, 0% used [0x00000000ee500000,0x00000000ee500000,0x00000000f0900000)
  to   space 39936K, 0% used [0x00000000f5b00000,0x00000000f5b00000,0x00000000f8200000)
 ParOldGen       total 305664K, used 81649K [0x0000000080000000, 0x0000000092a80000, 0x00000000d5580000)
  object space 305664K, 26% used [0x0000000080000000,0x0000000084fbc698,0x0000000092a80000)
 Metaspace       used 101123K, capacity 106337K, committed 106700K, reserved 1140736K
  class space    used 13473K, capacity 14534K, committed 14592K, reserved 1048576K
Event: 849.385 GC heap after
Heap after GC invocations=16 (full 4):
 PSYoungGen      total 525312K, used 35679K [0x00000000d5580000, 0x00000000f9300000, 0x0000000100000000)
  eden space 485376K, 0% used [0x00000000d5580000,0x00000000d5580000,0x00000000f2f80000)
  from space 39936K, 89% used [0x00000000f5b00000,0x00000000f7dd7ea8,0x00000000f8200000)
  to   space 44544K, 0% used [0x00000000f2f80000,0x00000000f2f80000,0x00000000f5b00000)
 ParOldGen       total 305664K, used 81657K [0x0000000080000000, 0x0000000092a80000, 0x00000000d5580000)
  object space 305664K, 26% used [0x0000000080000000,0x0000000084fbe698,0x0000000092a80000)
 Metaspace       used 101123K, capacity 106337K, committed 106700K, reserved 1140736K
  class space    used 13473K, capacity 14534K, committed 14592K, reserved 1048576K
}
Event: 1747.019 GC heap before
{Heap before GC invocations=17 (full 4):
 PSYoungGen      total 525312K, used 521055K [0x00000000d5580000, 0x00000000f9300000, 0x0000000100000000)
  eden space 485376K, 100% used [0x00000000d5580000,0x00000000f2f80000,0x00000000f2f80000)
  from space 39936K, 89% used [0x00000000f5b00000,0x00000000f7dd7ea8,0x00000000f8200000)
  to   space 44544K, 0% used [0x00000000f2f80000,0x00000000f2f80000,0x00000000f5b00000)
 ParOldGen       total 305664K, used 81657K [0x0000000080000000, 0x0000000092a80000, 0x00000000d5580000)
  object space 305664K, 26% used [0x0000000080000000,0x0000000084fbe698,0x0000000092a80000)
 Metaspace       used 110884K, capacity 117895K, committed 117964K, reserved 1150976K
  class space    used 14715K, capacity 16105K, committed 16128K, reserved 1048576K
Event: 1747.049 GC heap after
Heap after GC invocations=17 (full 4):
 PSYoungGen      total 529920K, used 44520K [0x00000000d5580000, 0x00000000fef80000, 0x0000000100000000)
  eden space 485376K, 0% used [0x00000000d5580000,0x00000000d5580000,0x00000000f2f80000)
  from space 44544K, 99% used [0x00000000f2f80000,0x00000000f5afa0a8,0x00000000f5b00000)
  to   space 54784K, 0% used [0x00000000fba00000,0x00000000fba00000,0x00000000fef80000)
 ParOldGen       total 305664K, used 91501K [0x0000000080000000, 0x0000000092a80000, 0x00000000d5580000)
  object space 305664K, 29% used [0x0000000080000000,0x000000008595b508,0x0000000092a80000)
 Metaspace       used 110884K, capacity 117895K, committed 117964K, reserved 1150976K
  class space    used 14715K, capacity 16105K, committed 16128K, reserved 1048576K
}
Event: 2323.016 GC heap before
{Heap before GC invocations=18 (full 4):
 PSYoungGen      total 529920K, used 529896K [0x00000000d5580000, 0x00000000fef80000, 0x0000000100000000)
  eden space 485376K, 100% used [0x00000000d5580000,0x00000000f2f80000,0x00000000f2f80000)
  from space 44544K, 99% used [0x00000000f2f80000,0x00000000f5afa0a8,0x00000000f5b00000)
  to   space 54784K, 0% used [0x00000000fba00000,0x00000000fba00000,0x00000000fef80000)
 ParOldGen       total 305664K, used 91501K [0x0000000080000000, 0x0000000092a80000, 0x00000000d5580000)
  object space 305664K, 29% used [0x0000000080000000,0x000000008595b508,0x0000000092a80000)
 Metaspace       used 112035K, capacity 119213K, committed 119372K, reserved 1153024K
  class space    used 14802K, capacity 16212K, committed 16256K, reserved 1048576K
Event: 2323.055 GC heap after
Heap after GC invocations=18 (full 4):
 PSYoungGen      total 593408K, used 30794K [0x00000000d5580000, 0x00000000fde80000, 0x0000000100000000)
  eden space 556032K, 0% used [0x00000000d5580000,0x00000000d5580000,0x00000000f7480000)
  from space 37376K, 82% used [0x00000000fba00000,0x00000000fd812ae8,0x00000000fde80000)
  to   space 54272K, 0% used [0x00000000f7480000,0x00000000f7480000,0x00000000fa980000)
 ParOldGen       total 305664K, used 117910K [0x0000000080000000, 0x0000000092a80000, 0x00000000d5580000)
  object space 305664K, 38% used [0x0000000080000000,0x0000000087325a88,0x0000000092a80000)
 Metaspace       used 112035K, capacity 119213K, committed 119372K, reserved 1153024K
  class space    used 14802K, capacity 16212K, committed 16256K, reserved 1048576K
}
Event: 2324.594 GC heap before
{Heap before GC invocations=19 (full 4):
 PSYoungGen      total 593408K, used 586826K [0x00000000d5580000, 0x00000000fde80000, 0x0000000100000000)
  eden space 556032K, 100% used [0x00000000d5580000,0x00000000f7480000,0x00000000f7480000)
  from space 37376K, 82% used [0x00000000fba00000,0x00000000fd812ae8,0x00000000fde80000)
  to   space 54272K, 0% used [0x00000000f7480000,0x00000000f7480000,0x00000000fa980000)
 ParOldGen       total 305664K, used 117910K [0x0000000080000000, 0x0000000092a80000, 0x00000000d5580000)
  object space 305664K, 38% used [0x0000000080000000,0x0000000087325a88,0x0000000092a80000)
 Metaspace       used 113671K, capacity 120987K, committed 121292K, reserved 1155072K
  class space    used 14872K, capacity 16285K, committed 16384K, reserved 1048576K
Event: 2324.615 GC heap after
Heap after GC invocations=19 (full 4):
 PSYoungGen      total 610304K, used 31085K [0x00000000d5580000, 0x0000000100000000, 0x0000000100000000)
  eden space 556032K, 0% used [0x00000000d5580000,0x00000000d5580000,0x00000000f7480000)
  from space 54272K, 57% used [0x00000000f7480000,0x00000000f92db5a8,0x00000000fa980000)
  to   space 53760K, 0% used [0x00000000fcb80000,0x00000000fcb80000,0x0000000100000000)
 ParOldGen       total 305664K, used 117918K [0x0000000080000000, 0x0000000092a80000, 0x00000000d5580000)
  object space 305664K, 38% used [0x0000000080000000,0x0000000087327a88,0x0000000092a80000)
 Metaspace       used 113671K, capacity 120987K, committed 121292K, reserved 1155072K
  class space    used 14872K, capacity 16285K, committed 16384K, reserved 1048576K
}

